E:\[PORTFOLIO BUILDS]\STEELSERIESVISUALIZER\DEBUG\MAIN.OBJ
E:\[PORTFOLIO BUILDS]\STEELSERIESVISUALIZER\DEBUG\VC110.PDB
E:\[PORTFOLIO BUILDS]\STEELSERIESVISUALIZER\DEBUG\STEELEYEVISUALIZER.ILK
E:\[PORTFOLIO BUILDS]\STEELSERIESVISUALIZER\DEBUG\STEELEYEVISUALIZER.EXE
E:\[PORTFOLIO BUILDS]\STEELSERIESVISUALIZER\DEBUG\STEELEYEVISUALIZER.PDB
E:\[PORTFOLIO BUILDS]\STEELSERIESVISUALIZER\DEBUG\STEELEYEVISUALIZER.RES
E:\[PORTFOLIO BUILDS]\SteelseriesVisualizer\Debug\Main.obj
E:\[PORTFOLIO BUILDS]\SteelseriesVisualizer\Debug\SFMLGame.ilk
E:\[PORTFOLIO BUILDS]\SteelseriesVisualizer\Debug\SteelEyeVisualizer.ilk
E:\[PORTFOLIO BUILDS]\SteelseriesVisualizer\Debug\cl.command.1.tlog
E:\[PORTFOLIO BUILDS]\SteelseriesVisualizer\Debug\CL.read.1.tlog
E:\[PORTFOLIO BUILDS]\SteelseriesVisualizer\Debug\CL.write.1.tlog
E:\[PORTFOLIO BUILDS]\SteelseriesVisualizer\Debug\link-cvtres.read.1.tlog
E:\[PORTFOLIO BUILDS]\SteelseriesVisualizer\Debug\link-cvtres.write.1.tlog
E:\[PORTFOLIO BUILDS]\SteelseriesVisualizer\Debug\link-rc.read.1.tlog
E:\[PORTFOLIO BUILDS]\SteelseriesVisualizer\Debug\link-rc.write.1.tlog
E:\[PORTFOLIO BUILDS]\SteelseriesVisualizer\Debug\link.1800-cvtres.read.1.tlog
E:\[PORTFOLIO BUILDS]\SteelseriesVisualizer\Debug\link.1800-cvtres.write.1.tlog
E:\[PORTFOLIO BUILDS]\SteelseriesVisualizer\Debug\link.1800-rc.read.1.tlog
E:\[PORTFOLIO BUILDS]\SteelseriesVisualizer\Debug\link.1800-rc.write.1.tlog
E:\[PORTFOLIO BUILDS]\SteelseriesVisualizer\Debug\link.1800.read.1.tlog
E:\[PORTFOLIO BUILDS]\SteelseriesVisualizer\Debug\link.1800.write.1.tlog
E:\[PORTFOLIO BUILDS]\SteelseriesVisualizer\Debug\link.7508-cvtres.read.1.tlog
E:\[PORTFOLIO BUILDS]\SteelseriesVisualizer\Debug\link.7508-cvtres.write.1.tlog
E:\[PORTFOLIO BUILDS]\SteelseriesVisualizer\Debug\link.7508-rc.read.1.tlog
E:\[PORTFOLIO BUILDS]\SteelseriesVisualizer\Debug\link.7508-rc.write.1.tlog
E:\[PORTFOLIO BUILDS]\SteelseriesVisualizer\Debug\link.7508.read.1.tlog
E:\[PORTFOLIO BUILDS]\SteelseriesVisualizer\Debug\link.7508.write.1.tlog
E:\[PORTFOLIO BUILDS]\SteelseriesVisualizer\Debug\link.command.1.tlog
E:\[PORTFOLIO BUILDS]\SteelseriesVisualizer\Debug\link.read.1.tlog
E:\[PORTFOLIO BUILDS]\SteelseriesVisualizer\Debug\link.write.1.tlog
E:\[PORTFOLIO BUILDS]\SteelseriesVisualizer\Debug\rc.command.1.tlog
E:\[PORTFOLIO BUILDS]\SteelseriesVisualizer\Debug\rc.read.1.tlog
E:\[PORTFOLIO BUILDS]\SteelseriesVisualizer\Debug\rc.write.1.tlog
E:\[PORTFOLIO BUILDS]\SteelseriesVisualizer\Debug\SteelEyeVisualizer.res
E:\[PORTFOLIO BUILDS]\SteelseriesVisualizer\Debug\vc110.idb
E:\[PORTFOLIO BUILDS]\SteelseriesVisualizer\Debug\SFMLGame.pdb
E:\[PORTFOLIO BUILDS]\SteelseriesVisualizer\Debug\SteelEyeVisualizer.pdb
E:\[PORTFOLIO BUILDS]\SteelseriesVisualizer\Debug\vc110.pdb
E:\[PORTFOLIO BUILDS]\SteelseriesVisualizer\Debug\SteelEyeVisualizer.exe
